<?xml version="1.0" encoding="UTF-8"?>
<testng-results ignored="0" total="2" passed="0" failed="2" skipped="0">
  <reporter-output>
  </reporter-output>
  <suite started-at="2023-02-22T00:12:31 IST" name="Type of Testings" finished-at="2023-02-22T00:13:35 IST" duration-ms="64337">
    <groups>
    </groups>
    <test started-at="2023-02-22T00:12:31 IST" name="Test" finished-at="2023-02-22T00:13:35 IST" duration-ms="64337">
      <class name="Test.TestCasesController">
        <test-method is-config="true" signature="launchUrl(java.lang.String)[pri:0, instance:Test.TestCasesController@2ba45490]" started-at="2023-02-22T00:12:31 IST" name="launchUrl" finished-at="2023-02-22T00:13:14 IST" duration-ms="43258" status="PASS">
          <params>
            <param index="0">
              <value>
                <![CDATA[Chrome]]>
              </value>
            </param>
          </params>
          <reporter-output>
          </reporter-output>
        </test-method> <!-- launchUrl -->
        <test-method signature="SearchForYugandharRoyal()[pri:9, instance:Test.TestCasesController@2ba45490, instance params:[NA, NA, NA, QA, https://www.google.co.in/, newadmin, password02, NA, null]]" started-at="2023-02-22T00:13:14 IST" name="SearchForYugandharRoyal" finished-at="2023-02-22T00:13:35 IST" duration-ms="20137" status="FAIL">
          <exception class="java.lang.AssertionError">
            <message>
              <![CDATA[null]]>
            </message>
            <full-stacktrace>
              <![CDATA[java.lang.AssertionError: null
at org.testng.Assert.fail(Assert.java:99)
at org.testng.Assert.fail(Assert.java:106)
at POM.GoogleSearch.GoogleSearch(GoogleSearch.java:47)
at Test.TestCasesController.SearchForYugandharRoyal(TestCasesController.java:49)
at java.base/jdk.internal.reflect.NativeMethodAccessorImpl.invoke0(Native Method)
at java.base/jdk.internal.reflect.NativeMethodAccessorImpl.invoke(NativeMethodAccessorImpl.java:62)
at java.base/jdk.internal.reflect.DelegatingMethodAccessorImpl.invoke(DelegatingMethodAccessorImpl.java:43)
at java.base/java.lang.reflect.Method.invoke(Method.java:566)
at org.testng.internal.MethodInvocationHelper.invokeMethod(MethodInvocationHelper.java:133)
at org.testng.internal.TestInvoker.invokeMethod(TestInvoker.java:598)
at org.testng.internal.TestInvoker.invokeTestMethod(TestInvoker.java:173)
at org.testng.internal.MethodRunner.runInSequence(MethodRunner.java:46)
at org.testng.internal.TestInvoker$MethodInvocationAgent.invoke(TestInvoker.java:824)
at org.testng.internal.TestInvoker.invokeTestMethods(TestInvoker.java:146)
at org.testng.internal.TestMethodWorker.invokeTestMethods(TestMethodWorker.java:146)
at org.testng.internal.TestMethodWorker.run(TestMethodWorker.java:128)
at java.base/java.util.concurrent.ThreadPoolExecutor.runWorker(ThreadPoolExecutor.java:1128)
at java.base/java.util.concurrent.ThreadPoolExecutor$Worker.run(ThreadPoolExecutor.java:628)
at java.base/java.lang.Thread.run(Thread.java:834)
]]>
            </full-stacktrace>
          </exception> <!-- java.lang.AssertionError -->
          <reporter-output>
          </reporter-output>
        </test-method> <!-- SearchForYugandharRoyal -->
        <test-method is-config="true" signature="ExecutionTimeForTest(org.testng.ITestResult)[pri:0, instance:Test.TestCasesController@2ba45490]" started-at="2023-02-22T00:13:35 IST" name="ExecutionTimeForTest" finished-at="2023-02-22T00:13:35 IST" duration-ms="34" status="PASS">
          <params>
            <param index="0">
              <value>
                <![CDATA[[TestResult name=SearchForYugandharRoyal status=FAILURE method=TestCasesController.SearchForYugandharRoyal()[pri:9, instance:Test.TestCasesController@2ba45490, instance params:[NA, NA, NA, QA, https://www.google.co.in/, newadmin, password02, NA, null]] output={null}]]]>
              </value>
            </param>
          </params>
          <reporter-output>
          </reporter-output>
        </test-method> <!-- ExecutionTimeForTest -->
        <test-method is-config="true" signature="closeBrowser(java.lang.String)[pri:0, instance:Test.TestCasesController@2ba45490]" started-at="2023-02-22T00:13:35 IST" name="closeBrowser" finished-at="2023-02-22T00:13:35 IST" duration-ms="670" status="PASS">
          <params>
            <param index="0">
              <value>
                <![CDATA[Chrome]]>
              </value>
            </param>
          </params>
          <reporter-output>
          </reporter-output>
        </test-method> <!-- closeBrowser -->
      </class> <!-- Test.TestCasesController -->
      <class name="Test.TestCasesController2">
        <test-method is-config="true" signature="launchUrl(java.lang.String)[pri:0, instance:Test.TestCasesController2@43d455c9]" started-at="2023-02-22T00:12:31 IST" name="launchUrl" finished-at="2023-02-22T00:13:14 IST" duration-ms="43021" status="PASS">
          <params>
            <param index="0">
              <value>
                <![CDATA[Chrome]]>
              </value>
            </param>
          </params>
          <reporter-output>
          </reporter-output>
        </test-method> <!-- launchUrl -->
        <test-method signature="CheGuevara_Search()[pri:10, instance:Test.TestCasesController2@43d455c9, instance params:[NA, NA, NA, QA, https://www.google.co.in/, newadmin, password02, NA, null]]" started-at="2023-02-22T00:13:14 IST" name="CheGuevara_Search" finished-at="2023-02-22T00:13:32 IST" duration-ms="17600" status="FAIL">
          <exception class="java.lang.AssertionError">
            <message>
              <![CDATA[null]]>
            </message>
            <full-stacktrace>
              <![CDATA[java.lang.AssertionError: null
at org.testng.Assert.fail(Assert.java:99)
at org.testng.Assert.fail(Assert.java:106)
at POM.GoogleSearch2.GoogleSearch(GoogleSearch2.java:52)
at Test.TestCasesController2.CheGuevara_Search(TestCasesController2.java:49)
at java.base/jdk.internal.reflect.NativeMethodAccessorImpl.invoke0(Native Method)
at java.base/jdk.internal.reflect.NativeMethodAccessorImpl.invoke(NativeMethodAccessorImpl.java:62)
at java.base/jdk.internal.reflect.DelegatingMethodAccessorImpl.invoke(DelegatingMethodAccessorImpl.java:43)
at java.base/java.lang.reflect.Method.invoke(Method.java:566)
at org.testng.internal.MethodInvocationHelper.invokeMethod(MethodInvocationHelper.java:133)
at org.testng.internal.TestInvoker.invokeMethod(TestInvoker.java:598)
at org.testng.internal.TestInvoker.invokeTestMethod(TestInvoker.java:173)
at org.testng.internal.MethodRunner.runInSequence(MethodRunner.java:46)
at org.testng.internal.TestInvoker$MethodInvocationAgent.invoke(TestInvoker.java:824)
at org.testng.internal.TestInvoker.invokeTestMethods(TestInvoker.java:146)
at org.testng.internal.TestMethodWorker.invokeTestMethods(TestMethodWorker.java:146)
at org.testng.internal.TestMethodWorker.run(TestMethodWorker.java:128)
at java.base/java.util.concurrent.ThreadPoolExecutor.runWorker(ThreadPoolExecutor.java:1128)
at java.base/java.util.concurrent.ThreadPoolExecutor$Worker.run(ThreadPoolExecutor.java:628)
at java.base/java.lang.Thread.run(Thread.java:834)
]]>
            </full-stacktrace>
          </exception> <!-- java.lang.AssertionError -->
          <reporter-output>
          </reporter-output>
        </test-method> <!-- CheGuevara_Search -->
        <test-method is-config="true" signature="ExecutionTimeForTest(org.testng.ITestResult)[pri:0, instance:Test.TestCasesController2@43d455c9]" started-at="2023-02-22T00:13:32 IST" name="ExecutionTimeForTest" finished-at="2023-02-22T00:13:32 IST" duration-ms="142" status="PASS">
          <params>
            <param index="0">
              <value>
                <![CDATA[[TestResult name=CheGuevara_Search status=FAILURE method=TestCasesController2.CheGuevara_Search()[pri:10, instance:Test.TestCasesController2@43d455c9, instance params:[NA, NA, NA, QA, https://www.google.co.in/, newadmin, password02, NA, null]] output={null}]]]>
              </value>
            </param>
          </params>
          <reporter-output>
          </reporter-output>
        </test-method> <!-- ExecutionTimeForTest -->
        <test-method is-config="true" signature="closeBrowser(java.lang.String)[pri:0, instance:Test.TestCasesController2@43d455c9]" started-at="2023-02-22T00:13:32 IST" name="closeBrowser" finished-at="2023-02-22T00:13:33 IST" duration-ms="616" status="PASS">
          <params>
            <param index="0">
              <value>
                <![CDATA[Chrome]]>
              </value>
            </param>
          </params>
          <reporter-output>
          </reporter-output>
        </test-method> <!-- closeBrowser -->
      </class> <!-- Test.TestCasesController2 -->
    </test> <!-- Test -->
  </suite> <!-- Type of Testings -->
</testng-results>
